<?xml version="1.0" encoding="UTF-8"?>
<!-- Generated by org.testng.reporters.JUnitXMLReporter -->
<testsuite hostname="Lenovo-PC" ignored="0" name="Test(failed)" tests="1" failures="1" timestamp="31 Dec 2020 05:56:58 GMT" time="27.21" errors="0">
  <testcase name="validLogin" time="12.616" classname="Com_TimeT_Tests.ValidLoginLogoutTest">
    <failure type="java.lang.AssertionError" message="null">
      <![CDATA[java.lang.AssertionError: null
at Com_TimeT_Generic.BasePage.verifyTitle(BasePage.java:32)
at Com_TimeT_Tests.ValidLoginLogoutTest.validLogin(ValidLoginLogoutTest.java:27)
... Removed 27 stack frames]]>
    </failure>
  </testcase> <!-- validLogin -->
</testsuite> <!-- Test(failed) -->
